<?xml version="1.0" encoding="UTF-8"?>
<!-- Generated by org.testng.reporters.JUnitReportReporter -->
<testsuite hostname="DESKTOP-6EBQTBM" failures="0" tests="9" name="Screenshot.TC_1_VerifyAdmintab_Onedge" time="2.991" errors="1" timestamp="2024-05-20T15:06:33 IST" skipped="8">
  <testcase classname="Screenshot.TC_1_VerifyAdmintab_Onedge" name="Launchbrowser" time="2.988">
    <error message="Cannot invoke &quot;org.openqa.selenium.TakesScreenshot.getScreenshotAs(org.openqa.selenium.OutputType)&quot; because &quot;this.driver&quot; is null" type="java.lang.NullPointerException">
      <![CDATA[java.lang.NullPointerException: Cannot invoke "org.openqa.selenium.TakesScreenshot.getScreenshotAs(org.openqa.selenium.OutputType)" because "this.driver" is null
at TestNgScreenshot.Screenshot.screenshotHandling(Screenshot.java:95)
at Screenshot.TC_1_VerifyAdmintab_Onedge.Launchbrowser(TC_1_VerifyAdmintab_Onedge.java:39)
at java.base/jdk.internal.reflect.NativeMethodAccessorImpl.invoke0(Native Method)
at java.base/jdk.internal.reflect.NativeMethodAccessorImpl.invoke(NativeMethodAccessorImpl.java:77)
at java.base/jdk.internal.reflect.DelegatingMethodAccessorImpl.invoke(DelegatingMethodAccessorImpl.java:43)
at java.base/java.lang.reflect.Method.invoke(Method.java:568)
at org.testng.internal.invokers.MethodInvocationHelper.invokeMethod(MethodInvocationHelper.java:139)
at org.testng.internal.invokers.MethodInvocationHelper.invokeMethodConsideringTimeout(MethodInvocationHelper.java:69)
at org.testng.internal.invokers.ConfigInvoker.invokeConfigurationMethod(ConfigInvoker.java:361)
at org.testng.internal.invokers.ConfigInvoker.invokeConfigurations(ConfigInvoker.java:296)
at org.testng.SuiteRunner.privateRun(SuiteRunner.java:376)
at org.testng.SuiteRunner.run(SuiteRunner.java:330)
at org.testng.SuiteRunnerWorker.runSuite(SuiteRunnerWorker.java:52)
at org.testng.SuiteRunnerWorker.run(SuiteRunnerWorker.java:95)
at org.testng.TestNG.runSuitesSequentially(TestNG.java:1256)
at org.testng.TestNG.runSuitesLocally(TestNG.java:1176)
at org.testng.TestNG.runSuites(TestNG.java:1099)
at org.testng.TestNG.run(TestNG.java:1067)
at org.testng.remote.AbstractRemoteTestNG.run(AbstractRemoteTestNG.java:115)
at org.testng.remote.RemoteTestNG.initAndRun(RemoteTestNG.java:251)
at org.testng.remote.RemoteTestNG.main(RemoteTestNG.java:77)
]]>
    </error>
  </testcase> <!-- Launchbrowser -->
  <system-out/>
  <testcase classname="Screenshot.TC_1_VerifyAdmintab_Onedge" name="enterusername" time="0.000">
    <skipped/>
  </testcase> <!-- enterusername -->
  <system-out/>
  <testcase classname="Screenshot.TC_1_VerifyAdmintab_Onedge" name="enterpassword" time="0.001">
    <skipped/>
  </testcase> <!-- enterpassword -->
  <system-out/>
  <testcase classname="Screenshot.TC_1_VerifyAdmintab_Onedge" name="click" time="0.000">
    <skipped/>
  </testcase> <!-- click -->
  <system-out/>
  <testcase classname="Screenshot.TC_1_VerifyAdmintab_Onedge" name="Verifyadmintab" time="0.000">
    <skipped/>
  </testcase> <!-- Verifyadmintab -->
  <system-out/>
  <testcase classname="Screenshot.TC_1_VerifyAdmintab_Onedge" name="Verifyandentertexttothetextbox" time="0.000">
    <skipped/>
  </testcase> <!-- Verifyandentertexttothetextbox -->
  <system-out/>
  <testcase classname="Screenshot.TC_1_VerifyAdmintab_Onedge" name="Verifyandentertexttothetextbox" time="0.001">
    <skipped/>
  </testcase> <!-- Verifyandentertexttothetextbox -->
  <system-out/>
  <testcase classname="Screenshot.TC_1_VerifyAdmintab_Onedge" name="Clickonadmin" time="0.000">
    <skipped/>
  </testcase> <!-- Clickonadmin -->
  <system-out/>
  <testcase classname="Screenshot.TC_1_VerifyAdmintab_Onedge" name="Verifyandentertexttothetextbox" time="0.001">
    <skipped/>
  </testcase> <!-- Verifyandentertexttothetextbox -->
  <system-out/>
</testsuite> <!-- Screenshot.TC_1_VerifyAdmintab_Onedge -->
