<?xml version="1.0" encoding="UTF-8"?>
<!-- Generated by org.testng.reporters.JUnitReportReporter -->
<testsuite hostname="DESKTOP-6EBQTBM" failures="0" tests="6" name="TestNg.TC_1_VerifyAdmintab_Description" time="6.589" errors="1" timestamp="2024-05-20T14:52:30 IST" skipped="5">
  <testcase classname="TestNg.TC_1_VerifyAdmintab_Description" name="Launchbrowser" time="6.588">
    <error message="Cannot invoke &quot;org.openqa.selenium.TakesScreenshot.getScreenshotAs(org.openqa.selenium.OutputType)&quot; because &quot;this.driver&quot; is null" type="java.lang.NullPointerException">
      <![CDATA[java.lang.NullPointerException: Cannot invoke "org.openqa.selenium.TakesScreenshot.getScreenshotAs(org.openqa.selenium.OutputType)" because "this.driver" is null
at TestNgScreenshot.Screenshot.screenshotHandling(Screenshot.java:95)
at TestNg.TC_1_VerifyAdmintab_Description.Launchbrowser(TC_1_VerifyAdmintab_Description.java:33)
at java.base/jdk.internal.reflect.NativeMethodAccessorImpl.invoke0(Native Method)
at java.base/jdk.internal.reflect.NativeMethodAccessorImpl.invoke(NativeMethodAccessorImpl.java:77)
at java.base/jdk.internal.reflect.DelegatingMethodAccessorImpl.invoke(DelegatingMethodAccessorImpl.java:43)
at java.base/java.lang.reflect.Method.invoke(Method.java:568)
at org.testng.internal.invokers.MethodInvocationHelper.invokeMethod(MethodInvocationHelper.java:139)
at org.testng.internal.invokers.MethodInvocationHelper.invokeMethodConsideringTimeout(MethodInvocationHelper.java:69)
at org.testng.internal.invokers.ConfigInvoker.invokeConfigurationMethod(ConfigInvoker.java:361)
at org.testng.internal.invokers.ConfigInvoker.invokeConfigurations(ConfigInvoker.java:296)
at org.testng.SuiteRunner.privateRun(SuiteRunner.java:376)
at org.testng.SuiteRunner.run(SuiteRunner.java:330)
at org.testng.SuiteRunnerWorker.runSuite(SuiteRunnerWorker.java:52)
at org.testng.SuiteRunnerWorker.run(SuiteRunnerWorker.java:95)
at org.testng.TestNG.runSuitesSequentially(TestNG.java:1256)
at org.testng.TestNG.runSuitesLocally(TestNG.java:1176)
at org.testng.TestNG.runSuites(TestNG.java:1099)
at org.testng.TestNG.run(TestNG.java:1067)
at org.testng.remote.AbstractRemoteTestNG.run(AbstractRemoteTestNG.java:115)
at org.testng.remote.RemoteTestNG.initAndRun(RemoteTestNG.java:251)
at org.testng.remote.RemoteTestNG.main(RemoteTestNG.java:77)
]]>
    </error>
  </testcase> <!-- Launchbrowser -->
  <system-out/>
  <testcase classname="TestNg.TC_1_VerifyAdmintab_Description" name="enterusername" time="0.001">
    <skipped/>
  </testcase> <!-- enterusername -->
  <system-out/>
  <testcase classname="TestNg.TC_1_VerifyAdmintab_Description" name="enterpassword" time="0.000">
    <skipped/>
  </testcase> <!-- enterpassword -->
  <system-out/>
  <testcase classname="TestNg.TC_1_VerifyAdmintab_Description" name="Verifyadmintab" time="0.000">
    <skipped/>
  </testcase> <!-- Verifyadmintab -->
  <system-out/>
  <testcase classname="TestNg.TC_1_VerifyAdmintab_Description" name="Clickonadmin" time="0.000">
    <skipped/>
  </testcase> <!-- Clickonadmin -->
  <system-out/>
  <testcase classname="TestNg.TC_1_VerifyAdmintab_Description" name="click">
    <skipped/>
  </testcase> <!-- click -->
  <system-out/>
</testsuite> <!-- TestNg.TC_1_VerifyAdmintab_Description -->
